2025-04-30 15:23:40,241 - INFO - Starting Tor IP Rotator
2025-04-30 15:23:40,243 - INFO - [+] Starting Tor service...
2025-04-30 15:23:45,247 - INFO - Tor service started
2025-04-30 15:23:45,247 - INFO - Tor setup complete and running
2025-04-30 15:23:45,247 - INFO - Starting IP rotation loop
2025-04-30 15:23:55,263 - WARNING - Error with https://api.ipify.org?format=json: SOCKSHTTPSConnectionPool(host='api.ipify.org', port=443): Max retries exceeded with url: /?format=json (Caused by ConnectTimeoutError(<urllib3.contrib.socks.SOCKSHTTPSConnection object at 0x0000018AD50E98B0>, 'Connection to api.ipify.org timed out. (connect timeout=10)'))
2025-04-30 15:24:05,273 - WARNING - Error with https://icanhazip.com: SOCKSHTTPSConnectionPool(host='icanhazip.com', port=443): Max retries exceeded with url: / (Caused by ConnectTimeoutError(<urllib3.contrib.socks.SOCKSHTTPSConnection object at 0x0000018AD81161B0>, 'Connection to icanhazip.com timed out. (connect timeout=10)'))
2025-04-30 15:24:05,273 - INFO - Current IP: [-] Unknown (check connection)
2025-04-30 15:24:05,275 - INFO - Sleeping for 10 seconds...
2025-04-30 15:24:15,276 - INFO - Rotating IP...
2025-04-30 15:24:15,282 - INFO - [+] New Tor circuit created
2025-04-30 15:24:30,323 - WARNING - Error with https://api.ipify.org?format=json: SOCKSHTTPSConnectionPool(host='api.ipify.org', port=443): Max retries exceeded with url: /?format=json (Caused by ConnectTimeoutError(<urllib3.contrib.socks.SOCKSHTTPSConnection object at 0x0000018AD83B1520>, 'Connection to api.ipify.org timed out. (connect timeout=10)'))
2025-04-30 15:24:40,347 - WARNING - Error with https://icanhazip.com: SOCKSHTTPSConnectionPool(host='icanhazip.com', port=443): Max retries exceeded with url: / (Caused by ConnectTimeoutError(<urllib3.contrib.socks.SOCKSHTTPSConnection object at 0x0000018AD83B1DC0>, 'Connection to icanhazip.com timed out. (connect timeout=10)'))
2025-04-30 15:24:40,347 - INFO - Current IP: [-] Unknown (check connection)
2025-04-30 15:24:40,349 - INFO - Sleeping for 10 seconds...
2025-04-30 15:24:50,349 - INFO - Rotating IP...
2025-04-30 15:24:50,351 - INFO - [+] New Tor circuit created
2025-04-30 15:25:05,390 - WARNING - Error with https://api.ipify.org?format=json: SOCKSHTTPSConnectionPool(host='api.ipify.org', port=443): Max retries exceeded with url: /?format=json (Caused by ConnectTimeoutError(<urllib3.contrib.socks.SOCKSHTTPSConnection object at 0x0000018AD84D9C40>, 'Connection to api.ipify.org timed out. (connect timeout=10)'))
2025-04-30 15:25:15,401 - WARNING - Error with https://icanhazip.com: SOCKSHTTPSConnectionPool(host='icanhazip.com', port=443): Max retries exceeded with url: / (Caused by ConnectTimeoutError(<urllib3.contrib.socks.SOCKSHTTPSConnection object at 0x0000018AD84DA570>, 'Connection to icanhazip.com timed out. (connect timeout=10)'))
2025-04-30 15:25:15,401 - INFO - Current IP: [-] Unknown (check connection)
2025-04-30 15:25:15,403 - INFO - Sleeping for 10 seconds...
2025-04-30 15:25:25,403 - INFO - Rotating IP...
2025-04-30 15:25:25,405 - INFO - [+] New Tor circuit created
2025-04-30 15:25:40,470 - WARNING - Error with https://api.ipify.org?format=json: SOCKSHTTPSConnectionPool(host='api.ipify.org', port=443): Max retries exceeded with url: /?format=json (Caused by ConnectTimeoutError(<urllib3.contrib.socks.SOCKSHTTPSConnection object at 0x0000018AD81406E0>, 'Connection to api.ipify.org timed out. (connect timeout=10)'))
2025-04-30 15:25:50,487 - WARNING - Error with https://icanhazip.com: SOCKSHTTPSConnectionPool(host='icanhazip.com', port=443): Max retries exceeded with url: / (Caused by ConnectTimeoutError(<urllib3.contrib.socks.SOCKSHTTPSConnection object at 0x0000018AD8141310>, 'Connection to icanhazip.com timed out. (connect timeout=10)'))
2025-04-30 15:25:50,487 - INFO - Current IP: [-] Unknown (check connection)
2025-04-30 15:25:50,487 - INFO - Sleeping for 10 seconds...
2025-04-30 15:26:00,489 - INFO - Rotating IP...
2025-04-30 15:26:00,492 - INFO - [+] New Tor circuit created
2025-04-30 15:26:05,350 - INFO - IP rotation stopped by user
